# JRE version: Java(TM) SE Runtime Environment (8.0_131-b11) (build 1.8.0_131-b11)
# Java VM: Java HotSpot(TM) 64-Bit Server VM (25.131-b11 mixed mode windows-amd64 compressed oops)
Heap:
 PSYoungGen      total 337920K, used 118731K [0x0000000782000000, 0x0000000799a00000, 0x00000007c0000000)
  eden space 303104K, 39% used [0x0000000782000000,0x00000007893f2f18,0x0000000794800000)
  from space 34816K, 0% used [0x0000000797800000,0x0000000797800000,0x0000000799a00000)
  to   space 41984K, 0% used [0x0000000794800000,0x0000000794800000,0x0000000797100000)
 ParOldGen       total 151552K, used 42825K [0x0000000706000000, 0x000000070f400000, 0x0000000782000000)
  object space 151552K, 28% used [0x0000000706000000,0x00000007089d26a0,0x000000070f400000)
 Metaspace       used 48081K, capacity 48883K, committed 49152K, reserved 1093632K
  class space    used 5294K, capacity 5545K, committed 5632K, reserved 1048576K
GC Heap History (10 events):
Event: 5.344 GC heap before
{Heap before GC invocations=8 (full 1):
 PSYoungGen      total 153600K, used 153597K [0x0000000782000000, 0x000000078f500000, 0x00000007c0000000)
  eden space 140800K, 100% used [0x0000000782000000,0x000000078a980000,0x000000078a980000)
  from space 12800K, 99% used [0x000000078e880000,0x000000078f4ff5b8,0x000000078f500000)
  to   space 16384K, 0% used [0x000000078d500000,0x000000078d500000,0x000000078e500000)
 ParOldGen       total 91136K, used 16189K [0x0000000706000000, 0x000000070b900000, 0x0000000782000000)
  object space 91136K, 17% used [0x0000000706000000,0x0000000706fcf5d0,0x000000070b900000)
 Metaspace       used 23771K, capacity 24252K, committed 24448K, reserved 1071104K
  class space    used 2784K, capacity 2930K, committed 2944K, reserved 1048576K
Event: 5.375 GC heap after
Heap after GC invocations=8 (full 1):
 PSYoungGen      total 201728K, used 16366K [0x0000000782000000, 0x0000000792e80000, 0x00000007c0000000)
  eden space 185344K, 0% used [0x0000000782000000,0x0000000782000000,0x000000078d500000)
  from space 16384K, 99% used [0x000000078d500000,0x000000078e4fbb70,0x000000078e500000)
  to   space 23040K, 0% used [0x0000000791800000,0x0000000791800000,0x0000000792e80000)
 ParOldGen       total 91136K, used 25952K [0x0000000706000000, 0x000000070b900000, 0x0000000782000000)
  object space 91136K, 28% used [0x0000000706000000,0x00000007079583a8,0x000000070b900000)
 Metaspace       used 23771K, capacity 24252K, committed 24448K, reserved 1071104K
  class space    used 2784K, capacity 2930K, committed 2944K, reserved 1048576K
}
Event: 5.937 GC heap before
{Heap before GC invocations=9 (full 1):
 PSYoungGen      total 201728K, used 201710K [0x0000000782000000, 0x0000000792e80000, 0x00000007c0000000)
  eden space 185344K, 100% used [0x0000000782000000,0x000000078d500000,0x000000078d500000)
  from space 16384K, 99% used [0x000000078d500000,0x000000078e4fbb70,0x000000078e500000)
  to   space 23040K, 0% used [0x0000000791800000,0x0000000791800000,0x0000000792e80000)
 ParOldGen       total 91136K, used 25952K [0x0000000706000000, 0x000000070b900000, 0x0000000782000000)
  object space 91136K, 28% used [0x0000000706000000,0x00000007079583a8,0x000000070b900000)
 Metaspace       used 23774K, capacity 24252K, committed 24448K, reserved 1071104K
  class space    used 2784K, capacity 2930K, committed 2944K, reserved 1048576K
Event: 5.962 GC heap after
Heap after GC invocations=9 (full 1):
 PSYoungGen      total 244736K, used 23013K [0x0000000782000000, 0x0000000798f00000, 0x00000007c0000000)
  eden space 221696K, 0% used [0x0000000782000000,0x0000000782000000,0x000000078f880000)
  from space 23040K, 99% used [0x0000000791800000,0x0000000792e795a0,0x0000000792e80000)
  to   space 32256K, 0% used [0x000000078f880000,0x000000078f880000,0x0000000791800000)
 ParOldGen       total 91136K, used 38754K [0x0000000706000000, 0x000000070b900000, 0x0000000782000000)
  object space 91136K, 42% used [0x0000000706000000,0x00000007085d8998,0x000000070b900000)
 Metaspace       used 23774K, capacity 24252K, committed 24448K, reserved 1071104K
  class space    used 2784K, capacity 2930K, committed 2944K, reserved 1048576K
}
Event: 7.277 GC heap before
{Heap before GC invocations=10 (full 1):
 PSYoungGen      total 244736K, used 244709K [0x0000000782000000, 0x0000000798f00000, 0x00000007c0000000)
  eden space 221696K, 100% used [0x0000000782000000,0x000000078f880000,0x000000078f880000)
  from space 23040K, 99% used [0x0000000791800000,0x0000000792e795a0,0x0000000792e80000)
  to   space 32256K, 0% used [0x000000078f880000,0x000000078f880000,0x0000000791800000)
 ParOldGen       total 91136K, used 38754K [0x0000000706000000, 0x000000070b900000, 0x0000000782000000)
  object space 91136K, 42% used [0x0000000706000000,0x00000007085d8998,0x000000070b900000)
 Metaspace       used 24563K, capacity 25058K, committed 25344K, reserved 1071104K
  class space    used 2868K, capacity 3027K, committed 3072K, reserved 1048576K
Event: 7.312 GC heap after
Heap after GC invocations=10 (full 1):
 PSYoungGen      total 253952K, used 32250K [0x0000000782000000, 0x000000079a000000, 0x00000007c0000000)
  eden space 221696K, 0% used [0x0000000782000000,0x0000000782000000,0x000000078f880000)
  from space 32256K, 99% used [0x000000078f880000,0x00000007917feaf0,0x0000000791800000)
  to   space 40960K, 0% used [0x0000000797800000,0x0000000797800000,0x000000079a000000)
 ParOldGen       total 91136K, used 48172K [0x0000000706000000, 0x000000070b900000, 0x0000000782000000)
  object space 91136K, 52% used [0x0000000706000000,0x0000000708f0b208,0x000000070b900000)
 Metaspace       used 24563K, capacity 25058K, committed 25344K, reserved 1071104K
  class space    used 2868K, capacity 3027K, committed 3072K, reserved 1048576K
}
Event: 22.939 GC heap before
{Heap before GC invocations=11 (full 1):
 PSYoungGen      total 253952K, used 214063K [0x0000000782000000, 0x000000079a000000, 0x00000007c0000000)
  eden space 221696K, 82% used [0x0000000782000000,0x000000078d18d338,0x000000078f880000)
  from space 32256K, 99% used [0x000000078f880000,0x00000007917feaf0,0x0000000791800000)
  to   space 40960K, 0% used [0x0000000797800000,0x0000000797800000,0x000000079a000000)
 ParOldGen       total 91136K, used 48172K [0x0000000706000000, 0x000000070b900000, 0x0000000782000000)
  object space 91136K, 52% used [0x0000000706000000,0x0000000708f0b208,0x000000070b900000)
 Metaspace       used 34578K, capacity 35136K, committed 35456K, reserved 1081344K
  class space    used 3958K, capacity 4146K, committed 4224K, reserved 1048576K
Event: 22.960 GC heap after
Heap after GC invocations=11 (full 1):
 PSYoungGen      total 337920K, used 27970K [0x0000000782000000, 0x0000000799a00000, 0x00000007c0000000)
  eden space 303104K, 0% used [0x0000000782000000,0x0000000782000000,0x0000000794800000)
  from space 34816K, 80% used [0x0000000797800000,0x0000000799350a90,0x0000000799a00000)
  to   space 41984K, 0% used [0x0000000794800000,0x0000000794800000,0x0000000797100000)
 ParOldGen       total 91136K, used 50037K [0x0000000706000000, 0x000000070b900000, 0x0000000782000000)
  object space 91136K, 54% used [0x0000000706000000,0x00000007090dd4a0,0x000000070b900000)
 Metaspace       used 34578K, capacity 35136K, committed 35456K, reserved 1081344K
  class space    used 3958K, capacity 4146K, committed 4224K, reserved 1048576K
}
Event: 22.960 GC heap before
{Heap before GC invocations=12 (full 2):
 PSYoungGen      total 337920K, used 27970K [0x0000000782000000, 0x0000000799a00000, 0x00000007c0000000)
  eden space 303104K, 0% used [0x0000000782000000,0x0000000782000000,0x0000000794800000)
  from space 34816K, 80% used [0x0000000797800000,0x0000000799350a90,0x0000000799a00000)
  to   space 41984K, 0% used [0x0000000794800000,0x0000000794800000,0x0000000797100000)
 ParOldGen       total 91136K, used 50037K [0x0000000706000000, 0x000000070b900000, 0x0000000782000000)
  object space 91136K, 54% used [0x0000000706000000,0x00000007090dd4a0,0x000000070b900000)
 Metaspace       used 34578K, capacity 35136K, committed 35456K, reserved 1081344K
  class space    used 3958K, capacity 4146K, committed 4224K, reserved 1048576K
Event: 23.039 GC heap after
Heap after GC invocations=12 (full 2):
 PSYoungGen      total 337920K, used 0K [0x0000000782000000, 0x0000000799a00000, 0x00000007c0000000)
  eden space 303104K, 0% used [0x0000000782000000,0x0000000782000000,0x0000000794800000)
  from space 34816K, 0% used [0x0000000797800000,0x0000000797800000,0x0000000799a00000)
  to   space 41984K, 0% used [0x0000000794800000,0x0000000794800000,0x0000000797100000)
 ParOldGen       total 151552K, used 42825K [0x0000000706000000, 0x000000070f400000, 0x0000000782000000)
  object space 151552K, 28% used [0x0000000706000000,0x00000007089d26a0,0x000000070f400000)
 Metaspace       used 34578K, capacity 35136K, committed 35456K, reserved 1081344K
  class space    used 3958K, capacity 4146K, committed 4224K, reserved 1048576K
}

